%!Adobe-FontList 1.11
%Locale:0x415

%BeginFont
Handler:DirectoryHandler
FontType:Invalid
OutlineFileName:G:\@@@ www reaktywacja\Files\Font\License.txt
FileModTime:1237403160
%EndFont

%BeginFont
Handler:DirectoryHandler
FontType:TrueType
FontName:PFRondaSeven
FamilyName:PF Ronda Seven
StyleName:Regular
FullName:PF Ronda Seven
MenuName:PF Ronda Seven
StyleBits:0
WritingScript:Roman
OutlineFileName:G:\@@@ www reaktywacja\Files\Font\pf_ronda_seven.ttf
DataFormat:sfntData
FileLength:25060
FileModTime:1223831102
WeightClass:400
WidthClass:5
AngleClass:0
%EndFont

%BeginFont
Handler:DirectoryHandler
FontType:TrueType
FontName:PFRondaSeven-Bold
FamilyName:PF Ronda Seven
StyleName:Bold
FullName:PF Ronda Seven Bold
MenuName:PF Ronda Seven
StyleBits:2
WritingScript:Roman
OutlineFileName:G:\@@@ www reaktywacja\Files\Font\pf_ronda_seven_bold.ttf
DataFormat:sfntData
FileLength:24764
FileModTime:1223831102
WeightClass:700
WidthClass:5
AngleClass:0
%EndFont

